app/build/intermediates/manifest_merge_blame_file/debug/manifest-merger-blame-debug-report.txt
1<?xml version="1.0" encoding="utf-8"?>
2<manifest xmlns:android="http://schemas.android.com/apk/res/android"
3    package="com.example.gilgalorg"
4    android:versionCode="1"
5    android:versionName="1.0" >
6
7    <uses-sdk
8        android:minSdkVersion="19"
8-->src/main/AndroidManifest.xml
9        android:targetSdkVersion="33" />
9-->src/main/AndroidManifest.xml
10
11    <permission
11-->[androidx.core:core:1.9.0] AndroidManifest.xml:22:5-24:47
12        android:name="com.example.gilgalorg.DYNAMIC_RECEIVER_NOT_EXPORTED_PERMISSION"
12-->[androidx.core:core:1.9.0] AndroidManifest.xml:23:9-81
13        android:protectionLevel="signature" />
13-->[androidx.core:core:1.9.0] AndroidManifest.xml:24:9-44
14
15    <uses-permission android:name="com.example.gilgalorg.DYNAMIC_RECEIVER_NOT_EXPORTED_PERMISSION" />
15-->[androidx.core:core:1.9.0] AndroidManifest.xml:26:5-97
15-->[androidx.core:core:1.9.0] AndroidManifest.xml:26:22-94
16
17    <application
17-->src/main/AndroidManifest.xml:5:5-47:19
18        android:allowBackup="true"
18-->src/main/AndroidManifest.xml:6:9-35
19        android:appComponentFactory="androidx.core.app.CoreComponentFactory"
19-->[androidx.core:core:1.9.0] AndroidManifest.xml:28:18-86
20        android:dataExtractionRules="@xml/data_extraction_rules"
20-->src/main/AndroidManifest.xml:7:9-65
21        android:debuggable="true"
22        android:fullBackupContent="@xml/backup_rules"
22-->src/main/AndroidManifest.xml:8:9-54
23        android:icon="@mipmap/ic_launcher"
23-->src/main/AndroidManifest.xml:9:9-43
24        android:label="@string/app_name"
24-->src/main/AndroidManifest.xml:10:9-41
25        android:supportsRtl="true"
25-->src/main/AndroidManifest.xml:11:9-35
26        android:theme="@style/Theme.Gilgalorg" >
26-->src/main/AndroidManifest.xml:12:9-47
27        <activity
27-->src/main/AndroidManifest.xml:14:9-16:40
28            android:name="com.example.gilgalorg.WebActivity"
28-->src/main/AndroidManifest.xml:15:13-40
29            android:exported="false" />
29-->src/main/AndroidManifest.xml:16:13-37
30        <activity
30-->src/main/AndroidManifest.xml:17:9-19:40
31            android:name="com.example.gilgalorg.img6Activity"
31-->src/main/AndroidManifest.xml:18:13-41
32            android:exported="false" />
32-->src/main/AndroidManifest.xml:19:13-37
33        <activity
33-->src/main/AndroidManifest.xml:20:9-22:40
34            android:name="com.example.gilgalorg.img5Activity"
34-->src/main/AndroidManifest.xml:21:13-41
35            android:exported="false" />
35-->src/main/AndroidManifest.xml:22:13-37
36        <activity
36-->src/main/AndroidManifest.xml:23:9-25:40
37            android:name="com.example.gilgalorg.img4Activity"
37-->src/main/AndroidManifest.xml:24:13-41
38            android:exported="false" />
38-->src/main/AndroidManifest.xml:25:13-37
39        <activity
39-->src/main/AndroidManifest.xml:26:9-28:40
40            android:name="com.example.gilgalorg.img3Activity"
40-->src/main/AndroidManifest.xml:27:13-41
41            android:exported="false" />
41-->src/main/AndroidManifest.xml:28:13-37
42        <activity
42-->src/main/AndroidManifest.xml:29:9-31:40
43            android:name="com.example.gilgalorg.img2Activity"
43-->src/main/AndroidManifest.xml:30:13-41
44            android:exported="false" />
44-->src/main/AndroidManifest.xml:31:13-37
45        <activity
45-->src/main/AndroidManifest.xml:32:9-34:40
46            android:name="com.example.gilgalorg.imgActivity"
46-->src/main/AndroidManifest.xml:33:13-40
47            android:exported="false" />
47-->src/main/AndroidManifest.xml:34:13-37
48        <activity
48-->src/main/AndroidManifest.xml:35:9-37:40
49            android:name="com.example.gilgalorg.contactsActivity"
49-->src/main/AndroidManifest.xml:36:13-45
50            android:exported="false" />
50-->src/main/AndroidManifest.xml:37:13-37
51        <activity
51-->src/main/AndroidManifest.xml:38:9-46:20
52            android:name="com.example.gilgalorg.MainActivity"
52-->src/main/AndroidManifest.xml:39:13-41
53            android:exported="true" >
53-->src/main/AndroidManifest.xml:40:13-36
54            <intent-filter>
54-->src/main/AndroidManifest.xml:41:13-45:29
55                <action android:name="android.intent.action.MAIN" />
55-->src/main/AndroidManifest.xml:42:17-69
55-->src/main/AndroidManifest.xml:42:25-66
56
57                <category android:name="android.intent.category.LAUNCHER" />
57-->src/main/AndroidManifest.xml:44:17-77
57-->src/main/AndroidManifest.xml:44:27-74
58            </intent-filter>
59        </activity>
60
61        <provider
61-->[androidx.emoji2:emoji2:1.2.0] AndroidManifest.xml:24:9-32:20
62            android:name="androidx.startup.InitializationProvider"
62-->[androidx.emoji2:emoji2:1.2.0] AndroidManifest.xml:25:13-67
63            android:authorities="com.example.gilgalorg.androidx-startup"
63-->[androidx.emoji2:emoji2:1.2.0] AndroidManifest.xml:26:13-68
64            android:exported="false" >
64-->[androidx.emoji2:emoji2:1.2.0] AndroidManifest.xml:27:13-37
65            <meta-data
65-->[androidx.emoji2:emoji2:1.2.0] AndroidManifest.xml:29:13-31:52
66                android:name="androidx.emoji2.text.EmojiCompatInitializer"
66-->[androidx.emoji2:emoji2:1.2.0] AndroidManifest.xml:30:17-75
67                android:value="androidx.startup" />
67-->[androidx.emoji2:emoji2:1.2.0] AndroidManifest.xml:31:17-49
68            <meta-data
68-->[androidx.lifecycle:lifecycle-process:2.4.1] AndroidManifest.xml:31:13-33:52
69                android:name="androidx.lifecycle.ProcessLifecycleInitializer"
69-->[androidx.lifecycle:lifecycle-process:2.4.1] AndroidManifest.xml:32:17-78
70                android:value="androidx.startup" />
70-->[androidx.lifecycle:lifecycle-process:2.4.1] AndroidManifest.xml:33:17-49
71        </provider>
72    </application>
73
74</manifest>